<?xml version="1.0" encoding="UTF-8"?>
<coverage generated="1739816746675" clover="3.2.0">
  <project timestamp="1739816746675" name="All files">
    <metrics statements="51" coveredstatements="39" conditionals="39" coveredconditionals="27" methods="17" coveredmethods="15" elements="107" coveredelements="81" complexity="0" loc="51" ncloc="51" packages="1" files="4" classes="4"/>
    <file name="borrow.js" path="C:\Users\Lenovo\Desktop\UBT\library-management-sys\borrow.js">
      <metrics statements="21" coveredstatements="18" conditionals="14" coveredconditionals="9" methods="5" coveredmethods="5"/>
      <line num="3" count="6" type="stmt"/>
      <line num="4" count="6" type="stmt"/>
      <line num="5" count="6" type="stmt"/>
      <line num="9" count="11" type="stmt"/>
      <line num="10" count="11" type="stmt"/>
      <line num="12" count="11" type="cond" truecount="1" falsecount="1"/>
      <line num="13" count="0" type="stmt"/>
      <line num="15" count="11" type="cond" truecount="1" falsecount="1"/>
      <line num="16" count="0" type="stmt"/>
      <line num="18" count="11" type="cond" truecount="2" falsecount="0"/>
      <line num="19" count="1" type="stmt"/>
      <line num="22" count="10" type="cond" truecount="1" falsecount="1"/>
      <line num="23" count="10" type="stmt"/>
      <line num="26" count="10" type="stmt"/>
      <line num="27" count="10" type="stmt"/>
      <line num="31" count="1" type="cond" truecount="3" falsecount="1"/>
      <line num="32" count="0" type="stmt"/>
      <line num="35" count="1" type="stmt"/>
      <line num="36" count="1" type="stmt"/>
      <line num="40" count="3" type="cond" truecount="1" falsecount="1"/>
      <line num="44" count="2" type="stmt"/>
    </file>
    <file name="library.js" path="C:\Users\Lenovo\Desktop\UBT\library-management-sys\library.js">
      <metrics statements="14" coveredstatements="8" conditionals="14" coveredconditionals="10" methods="5" coveredmethods="3"/>
      <line num="3" count="10" type="stmt"/>
      <line num="7" count="12" type="cond" truecount="6" falsecount="0"/>
      <line num="8" count="1" type="stmt"/>
      <line num="10" count="11" type="cond" truecount="2" falsecount="0"/>
      <line num="11" count="1" type="stmt"/>
      <line num="13" count="10" type="stmt"/>
      <line num="17" count="14" type="cond" truecount="2" falsecount="0"/>
      <line num="22" count="0" type="cond" truecount="0" falsecount="2"/>
      <line num="23" count="0" type="stmt"/>
      <line num="25" count="0" type="stmt"/>
      <line num="30" count="0" type="cond" truecount="0" falsecount="2"/>
      <line num="31" count="0" type="stmt"/>
      <line num="33" count="0" type="stmt"/>
      <line num="40" count="3" type="stmt"/>
    </file>
    <file name="report.js" path="C:\Users\Lenovo\Desktop\UBT\library-management-sys\report.js">
      <metrics statements="5" coveredstatements="5" conditionals="0" coveredconditionals="0" methods="3" coveredmethods="3"/>
      <line num="3" count="2" type="stmt"/>
      <line num="4" count="2" type="stmt"/>
      <line num="8" count="1" type="stmt"/>
      <line num="12" count="1" type="stmt"/>
      <line num="16" count="1" type="stmt"/>
    </file>
    <file name="user.js" path="C:\Users\Lenovo\Desktop\UBT\library-management-sys\user.js">
      <metrics statements="11" coveredstatements="8" conditionals="11" coveredconditionals="8" methods="4" coveredmethods="4"/>
      <line num="3" count="9" type="stmt"/>
      <line num="7" count="22" type="cond" truecount="4" falsecount="1"/>
      <line num="8" count="0" type="stmt"/>
      <line num="10" count="22" type="cond" truecount="1" falsecount="1"/>
      <line num="11" count="0" type="stmt"/>
      <line num="13" count="22" type="stmt"/>
      <line num="17" count="14" type="cond" truecount="2" falsecount="0"/>
      <line num="21" count="1" type="cond" truecount="1" falsecount="1"/>
      <line num="22" count="0" type="stmt"/>
      <line num="24" count="1" type="stmt"/>
      <line num="28" count="3" type="stmt"/>
    </file>
  </project>
</coverage>
