TN:
SF:borrow.js
FN:2,(anonymous_0)
FN:8,(anonymous_1)
FN:30,(anonymous_2)
FN:35,(anonymous_3)
FN:39,(anonymous_4)
FNF:5
FNH:5
FNDA:6,(anonymous_0)
FNDA:11,(anonymous_1)
FNDA:1,(anonymous_2)
FNDA:1,(anonymous_3)
FNDA:3,(anonymous_4)
DA:3,6
DA:4,6
DA:5,6
DA:9,11
DA:10,11
DA:12,11
DA:13,0
DA:15,11
DA:16,0
DA:18,11
DA:19,1
DA:22,10
DA:23,10
DA:26,10
DA:27,10
DA:31,1
DA:32,0
DA:35,1
DA:36,1
DA:40,3
DA:44,2
LF:21
LH:18
BRDA:12,0,0,0
BRDA:12,0,1,11
BRDA:15,1,0,0
BRDA:15,1,1,11
BRDA:18,2,0,1
BRDA:18,2,1,10
BRDA:22,3,0,10
BRDA:22,3,1,0
BRDA:31,4,0,0
BRDA:31,4,1,1
BRDA:31,5,0,1
BRDA:31,5,1,1
BRDA:40,6,0,3
BRDA:40,6,1,0
BRF:14
BRH:9
end_of_record
TN:
SF:library.js
FN:2,(anonymous_0)
FN:6,(anonymous_1)
FN:16,(anonymous_2)
FN:21,(anonymous_3)
FN:29,(anonymous_4)
FNF:5
FNH:3
FNDA:10,(anonymous_0)
FNDA:12,(anonymous_1)
FNDA:14,(anonymous_2)
FNDA:0,(anonymous_3)
FNDA:0,(anonymous_4)
DA:3,10
DA:7,12
DA:8,1
DA:10,11
DA:11,1
DA:13,10
DA:17,14
DA:22,0
DA:23,0
DA:25,0
DA:30,0
DA:31,0
DA:33,0
DA:40,3
LF:14
LH:8
BRDA:7,0,0,1
BRDA:7,0,1,11
BRDA:7,1,0,12
BRDA:7,1,1,11
BRDA:7,1,2,11
BRDA:7,1,3,11
BRDA:10,2,0,1
BRDA:10,2,1,10
BRDA:17,3,0,14
BRDA:17,3,1,1
BRDA:22,4,0,0
BRDA:22,4,1,0
BRDA:30,5,0,0
BRDA:30,5,1,0
BRF:14
BRH:10
end_of_record
TN:
SF:report.js
FN:2,(anonymous_0)
FN:7,(anonymous_1)
FN:11,(anonymous_2)
FNF:3
FNH:3
FNDA:2,(anonymous_0)
FNDA:1,(anonymous_1)
FNDA:1,(anonymous_2)
DA:3,2
DA:4,2
DA:8,1
DA:12,1
DA:16,1
LF:5
LH:5
BRF:0
BRH:0
end_of_record
TN:
SF:user.js
FN:2,(anonymous_0)
FN:6,(anonymous_1)
FN:16,(anonymous_2)
FN:20,(anonymous_3)
FNF:4
FNH:4
FNDA:9,(anonymous_0)
FNDA:22,(anonymous_1)
FNDA:14,(anonymous_2)
FNDA:1,(anonymous_3)
DA:3,9
DA:7,22
DA:8,0
DA:10,22
DA:11,0
DA:13,22
DA:17,14
DA:21,1
DA:22,0
DA:24,1
DA:28,3
LF:11
LH:8
BRDA:7,0,0,0
BRDA:7,0,1,22
BRDA:7,1,0,22
BRDA:7,1,1,22
BRDA:7,1,2,22
BRDA:10,2,0,0
BRDA:10,2,1,22
BRDA:17,3,0,14
BRDA:17,3,1,1
BRDA:21,4,0,0
BRDA:21,4,1,1
BRF:11
BRH:8
end_of_record
